<?xml version="1.0" encoding="UTF-8"?>
<!-- Generated by org.testng.reporters.JUnitReportReporter -->
<testsuite hostname="ESLLAP-3920" failures="0" tests="1" name="rest_assured.PostRequest" time="4.063" errors="0" timestamp="2023-02-10T07:48:27 IST" skipped="0">
  <testcase classname="rest_assured.PostRequest" name="postRequestExample" time="4.063"/>
  <system-out/>
</testsuite> <!-- rest_assured.PostRequest -->
