<?xml version="1.0" encoding="UTF-8"?>
<!-- Generated by org.testng.reporters.JUnitReportReporter -->
<testsuite hostname="ESLLAP-3920" failures="0" tests="1" name="rest_assured.GetRequest" time="2.777" errors="0" timestamp="2023-02-10T10:24:59 IST" skipped="0">
  <testcase classname="rest_assured.GetRequest" name="getRequestExample2" time="2.777"/>
  <system-out/>
</testsuite> <!-- rest_assured.GetRequest -->
