<?xml version="1.0" encoding="UTF-8"?>
<!-- Generated by org.testng.reporters.JUnitReportReporter -->
<testsuite hostname="ESLLAP-3920" failures="0" tests="1" name="rest_assured.DeleteRequest" time="3.017" errors="0" timestamp="2023-02-10T07:49:22 IST" skipped="0">
  <testcase classname="rest_assured.DeleteRequest" name="deleteRequestExample" time="3.017"/>
  <system-out/>
</testsuite> <!-- rest_assured.DeleteRequest -->
